2021-04-28 15:21:55,241 [main] INFO nopCommerce - ****Launching browser***
2021-04-28 15:21:55,331 [main] INFO nopCommerce - ******** Opening URL*********
2021-04-28 15:21:58,157 [main] INFO nopCommerce - ******** Providing login details*********
2021-04-28 15:21:58,763 [main] INFO nopCommerce - ******** started login*********
2021-04-28 15:22:17,059 [main] INFO nopCommerce - ********Adding new customer*********
2021-04-28 15:22:17,060 [main] INFO nopCommerce - ********Proving customer details*********
2021-04-28 15:22:25,011 [main] INFO nopCommerce - ********Saving customer data*********
2021-04-28 15:22:30,556 [main] INFO nopCommerce - ********closing browser********
2021-04-28 15:22:33,210 [main] INFO nopCommerce - ****Launching browser***
2021-04-28 15:22:33,215 [main] INFO nopCommerce - ******** Opening URL*********
2021-04-28 15:22:35,754 [main] INFO nopCommerce - ******** Providing login details*********
2021-04-28 15:22:36,159 [main] INFO nopCommerce - ******** started login*********
2021-04-28 15:22:49,808 [main] INFO nopCommerce - ********Searching customer by email id*********
2021-04-28 15:22:52,629 [main] INFO nopCommerce - ********closing browser********
2021-04-28 15:22:55,386 [main] INFO nopCommerce - ****Launching browser***
2021-04-28 15:22:55,391 [main] INFO nopCommerce - ******** Opening URL*********
2021-04-28 15:22:57,858 [main] INFO nopCommerce - ******** Providing login details*********
2021-04-28 15:22:58,329 [main] INFO nopCommerce - ******** started login*********
2021-04-28 15:23:12,682 [main] INFO nopCommerce - ********Searching customer by Name*********
2021-04-28 15:23:15,571 [main] INFO nopCommerce - ********closing browser********
2021-04-28 15:23:18,264 [main] INFO nopCommerce - ****Launching browser***
2021-04-28 15:23:18,266 [main] INFO nopCommerce - ******** Opening URL*********
2021-04-28 15:23:21,216 [main] INFO nopCommerce - ******** Providing login details*********
2021-04-28 15:23:21,692 [main] INFO nopCommerce - ******** started login*********
2021-04-28 15:23:28,972 [main] INFO nopCommerce - ******** Login failed*********
2021-04-28 15:23:31,995 [main] INFO nopCommerce - ******** Click on logout link*********
2021-04-28 15:23:36,258 [main] INFO nopCommerce - ******** Login failed*********
2021-04-28 15:23:39,268 [main] INFO nopCommerce - ********closing browser********
2021-04-28 15:23:41,897 [main] INFO nopCommerce - ****Launching browser***
2021-04-28 15:23:41,900 [main] INFO nopCommerce - ******** Opening URL*********
2021-04-28 15:23:44,281 [main] INFO nopCommerce - ******** Providing login details*********
2021-04-28 15:23:44,719 [main] INFO nopCommerce - ******** started login*********
2021-04-28 15:23:51,444 [main] INFO nopCommerce - ******** Login failed*********
2021-04-28 15:23:54,460 [main] INFO nopCommerce - ******** Click on logout link*********
2021-04-28 15:23:58,942 [main] INFO nopCommerce - ******** Login failed*********
2021-04-28 15:24:01,962 [main] INFO nopCommerce - ********closing browser********
2021-04-28 15:24:04,944 [main] INFO nopCommerce - ****Launching browser***
2021-04-28 15:24:04,947 [main] INFO nopCommerce - ******** Opening URL*********
2021-04-28 15:24:08,120 [main] INFO nopCommerce - ******** Providing login details*********
2021-04-28 15:24:08,508 [main] INFO nopCommerce - ******** started login*********
2021-04-28 15:24:12,295 [main] INFO nopCommerce - ******** Login passed*********
2021-04-28 22:49:46,025 [main] INFO nopComemrce - ****Launching browser***
2021-04-28 22:49:46,153 [main] INFO nopComemrce - ******** Opening URL*********
2021-04-28 22:49:48,150 [main] INFO nopComemrce - ******** Providing login details*********
2021-04-28 22:49:48,350 [main] INFO nopComemrce - ******** started login*********
2021-04-28 22:50:10,041 [main] INFO nopComemrce - ****Launching browser***
2021-04-28 22:50:10,045 [main] INFO nopComemrce - ******** Opening URL*********
2021-04-28 22:50:11,293 [main] INFO nopComemrce - ******** Providing login details*********
2021-04-28 22:50:11,461 [main] INFO nopComemrce - ******** started login*********
2021-04-28 22:50:22,597 [main] INFO nopComemrce - ********Searching customer by email id*********
2021-04-28 22:50:25,983 [main] INFO nopComemrce - ********closing browser********
2021-04-28 22:50:31,346 [main] INFO nopComemrce - ****Launching browser***
2021-04-28 22:50:31,349 [main] INFO nopComemrce - ******** Opening URL*********
2021-04-28 22:50:32,555 [main] INFO nopComemrce - ******** Providing login details*********
2021-04-28 22:50:32,727 [main] INFO nopComemrce - ******** started login*********
2021-04-28 22:50:44,155 [main] INFO nopComemrce - ********Searching customer by Name*********
2021-04-28 22:50:46,945 [main] INFO nopComemrce - ********closing browser********
2021-04-28 22:51:46,028 [main] INFO nopComemrce - ****Launching browser***
2021-04-28 22:51:46,100 [main] INFO nopComemrce - ******** Opening URL*********
2021-04-28 22:51:47,165 [main] INFO nopComemrce - ******** Providing login details*********
2021-04-28 22:51:47,344 [main] INFO nopComemrce - ******** started login*********
2021-04-28 22:52:06,314 [main] INFO nopComemrce - ****Launching browser***
2021-04-28 22:52:06,319 [main] INFO nopComemrce - ******** Opening URL*********
2021-04-28 22:52:07,357 [main] INFO nopComemrce - ******** Providing login details*********
2021-04-28 22:52:07,489 [main] INFO nopComemrce - ******** started login*********
2021-04-28 22:52:18,898 [main] INFO nopComemrce - ********Searching customer by email id*********
2021-04-28 22:52:22,326 [main] INFO nopComemrce - ********closing browser********
2021-04-28 22:52:27,102 [main] INFO nopComemrce - ****Launching browser***
2021-04-28 22:52:27,104 [main] INFO nopComemrce - ******** Opening URL*********
2021-04-28 22:52:28,365 [main] INFO nopComemrce - ******** Providing login details*********
2021-04-28 22:52:28,523 [main] INFO nopComemrce - ******** started login*********
2021-04-28 22:52:39,607 [main] INFO nopComemrce - ********Searching customer by Name*********
2021-04-28 22:52:42,641 [main] INFO nopComemrce - ********closing browser********
2021-04-28 23:05:16,171 [main] INFO nopComemrce - ****Launching browser***
2021-04-28 23:05:16,225 [main] INFO nopComemrce - ******** Opening URL*********
2021-04-28 23:05:17,618 [main] INFO nopComemrce - ******** Providing login details*********
2021-04-28 23:05:17,978 [main] INFO nopComemrce - ******** started login*********
2021-04-28 23:05:36,276 [main] INFO nopComemrce - ********Adding new customer*********
2021-04-28 23:05:36,277 [main] INFO nopComemrce - ********Proving customer details*********
2021-04-28 23:05:43,947 [main] INFO nopComemrce - ********Saving customer data*********
2021-04-28 23:05:49,034 [main] INFO nopComemrce - ********closing browser********
2021-04-28 23:05:51,060 [main] INFO nopComemrce - ****Launching browser***
2021-04-28 23:05:51,062 [main] INFO nopComemrce - ******** Opening URL*********
2021-04-28 23:05:53,035 [main] INFO nopComemrce - ******** Providing login details*********
2021-04-28 23:05:53,421 [main] INFO nopComemrce - ******** started login*********
2021-04-28 23:06:06,635 [main] INFO nopComemrce - ********Searching customer by email id*********
2021-04-28 23:06:09,218 [main] INFO nopComemrce - ********closing browser********
2021-04-28 23:06:11,267 [main] INFO nopComemrce - ****Launching browser***
2021-04-28 23:06:11,272 [main] INFO nopComemrce - ******** Opening URL*********
2021-04-28 23:06:13,153 [main] INFO nopComemrce - ******** Providing login details*********
2021-04-28 23:06:13,562 [main] INFO nopComemrce - ******** started login*********
2021-04-28 23:06:25,914 [main] INFO nopComemrce - ********Searching customer by Name*********
2021-04-28 23:06:28,700 [main] INFO nopComemrce - ********closing browser********
2021-04-29 09:47:44,655 [main] INFO nopComemrce - ****Launching browser***
2021-04-29 09:47:44,724 [main] INFO nopComemrce - ******** Opening URL*********
2021-04-29 09:47:49,876 [main] INFO nopComemrce - ******** Providing login details*********
2021-04-29 09:47:50,287 [main] INFO nopComemrce - ******** started login*********
2021-04-29 09:48:13,207 [main] INFO nopComemrce - ********Adding new customer*********
2021-04-29 09:48:13,208 [main] INFO nopComemrce - ********Proving customer details*********
2021-04-29 09:48:21,117 [main] INFO nopComemrce - ********Saving customer data*********
2021-04-29 09:48:24,710 [main] INFO nopComemrce - ********closing browser********
2021-04-29 09:48:26,899 [main] INFO nopComemrce - ****Launching browser***
2021-04-29 09:48:26,907 [main] INFO nopComemrce - ******** Opening URL*********
2021-04-29 09:48:27,944 [main] INFO nopComemrce - ******** Providing login details*********
2021-04-29 09:48:28,326 [main] INFO nopComemrce - ******** started login*********
2021-04-29 09:48:40,530 [main] INFO nopComemrce - ********Searching customer by email id*********
2021-04-29 09:48:43,195 [main] INFO nopComemrce - ********closing browser********
2021-04-29 09:48:45,492 [main] INFO nopComemrce - ****Launching browser***
2021-04-29 09:48:45,495 [main] INFO nopComemrce - ******** Opening URL*********
2021-04-29 09:48:46,461 [main] INFO nopComemrce - ******** Providing login details*********
2021-04-29 09:48:46,819 [main] INFO nopComemrce - ******** started login*********
2021-04-29 09:48:58,862 [main] INFO nopComemrce - ********Searching customer by Name*********
2021-04-29 09:49:01,643 [main] INFO nopComemrce - ********closing browser********
2021-04-29 09:49:03,981 [main] INFO nopComemrce - ****Launching browser***
2021-04-29 09:49:03,985 [main] INFO nopComemrce - ******** Opening URL*********
2021-04-29 09:49:04,966 [main] INFO nopComemrce - ******** Providing login details*********
2021-04-29 09:49:05,283 [main] INFO nopComemrce - ******** started login*********
2021-04-29 09:49:10,490 [main] INFO nopComemrce - ******** Login failed*********
2021-04-29 09:49:13,509 [main] INFO nopComemrce - ******** Click on logout link*********
2021-04-29 09:49:17,597 [main] INFO nopComemrce - ******** Login failed*********
2021-04-29 09:49:20,610 [main] INFO nopComemrce - ********closing browser********
2021-04-29 09:49:23,120 [main] INFO nopComemrce - ****Launching browser***
2021-04-29 09:49:23,123 [main] INFO nopComemrce - ******** Opening URL*********
2021-04-29 09:49:24,101 [main] INFO nopComemrce - ******** Providing login details*********
2021-04-29 09:49:24,481 [main] INFO nopComemrce - ******** started login*********
2021-04-29 09:49:29,777 [main] INFO nopComemrce - ******** Login failed*********
2021-04-29 09:49:32,787 [main] INFO nopComemrce - ******** Click on logout link*********
2021-04-29 09:49:36,748 [main] INFO nopComemrce - ******** Login failed*********
2021-04-29 09:49:39,760 [main] INFO nopComemrce - ********closing browser********
2021-04-29 09:49:42,315 [main] INFO nopComemrce - ****Launching browser***
2021-04-29 09:49:42,318 [main] INFO nopComemrce - ******** Opening URL*********
2021-04-29 09:49:43,246 [main] INFO nopComemrce - ******** Providing login details*********
2021-04-29 09:49:43,547 [main] INFO nopComemrce - ******** started login*********
2021-04-29 09:49:47,133 [main] INFO nopComemrce - ******** Login passed*********
2021-04-29 09:52:26,047 [main] INFO nopComemrce - ****Launching browser***
2021-04-29 09:52:26,175 [main] INFO nopComemrce - ******** Opening URL*********
2021-04-29 09:52:27,688 [main] INFO nopComemrce - ******** Providing login details*********
2021-04-29 09:52:28,244 [main] INFO nopComemrce - ******** started login*********
2021-04-29 09:52:45,011 [main] INFO nopComemrce - ********Adding new customer*********
2021-04-29 09:52:45,012 [main] INFO nopComemrce - ********Proving customer details*********
2021-04-29 09:52:52,850 [main] INFO nopComemrce - ********Saving customer data*********
2021-04-29 09:52:56,499 [main] INFO nopComemrce - ********closing browser********
2021-04-29 09:52:58,712 [main] INFO nopComemrce - ****Launching browser***
2021-04-29 09:52:58,717 [main] INFO nopComemrce - ******** Opening URL*********
2021-04-29 09:53:00,036 [main] INFO nopComemrce - ******** Providing login details*********
2021-04-29 09:53:00,353 [main] INFO nopComemrce - ******** started login*********
2021-04-29 09:53:12,471 [main] INFO nopComemrce - ********Searching customer by email id*********
2021-04-29 09:53:15,261 [main] INFO nopComemrce - ********closing browser********
2021-04-29 09:53:17,892 [main] INFO nopComemrce - ****Launching browser***
2021-04-29 09:53:17,895 [main] INFO nopComemrce - ******** Opening URL*********
2021-04-29 09:53:18,868 [main] INFO nopComemrce - ******** Providing login details*********
2021-04-29 09:53:19,177 [main] INFO nopComemrce - ******** started login*********
2021-04-29 09:53:31,479 [main] INFO nopComemrce - ********Searching customer by Name*********
2021-04-29 09:53:34,223 [main] INFO nopComemrce - ********closing browser********
2021-04-29 09:53:36,556 [main] INFO nopComemrce - ****Launching browser***
2021-04-29 09:53:36,560 [main] INFO nopComemrce - ******** Opening URL*********
2021-04-29 09:53:37,569 [main] INFO nopComemrce - ******** Providing login details*********
2021-04-29 09:53:37,880 [main] INFO nopComemrce - ******** started login*********
2021-04-29 09:53:43,569 [main] INFO nopComemrce - ******** Login failed*********
2021-04-29 09:53:46,594 [main] INFO nopComemrce - ******** Click on logout link*********
2021-04-29 09:53:50,808 [main] INFO nopComemrce - ******** Login failed*********
2021-04-29 09:53:53,827 [main] INFO nopComemrce - ********closing browser********
2021-04-29 09:53:56,207 [main] INFO nopComemrce - ****Launching browser***
2021-04-29 09:53:56,210 [main] INFO nopComemrce - ******** Opening URL*********
2021-04-29 09:53:57,358 [main] INFO nopComemrce - ******** Providing login details*********
2021-04-29 09:53:57,754 [main] INFO nopComemrce - ******** started login*********
2021-04-29 09:54:03,301 [main] INFO nopComemrce - ******** Login failed*********
2021-04-29 09:54:06,324 [main] INFO nopComemrce - ******** Click on logout link*********
2021-04-29 09:54:10,243 [main] INFO nopComemrce - ******** Login failed*********
2021-04-29 09:54:13,261 [main] INFO nopComemrce - ********closing browser********
2021-04-29 09:54:15,948 [main] INFO nopComemrce - ****Launching browser***
2021-04-29 09:54:15,952 [main] INFO nopComemrce - ******** Opening URL*********
2021-04-29 09:54:17,159 [main] INFO nopComemrce - ******** Providing login details*********
2021-04-29 09:54:17,471 [main] INFO nopComemrce - ******** started login*********
2021-04-29 09:54:20,987 [main] INFO nopComemrce - ******** Login passed*********
2021-04-29 10:22:54,313 [main] INFO nopComemrce - ****Launching browser***
2021-04-29 10:22:54,391 [main] INFO nopComemrce - ******** Opening URL*********
2021-04-29 10:22:55,734 [main] INFO nopComemrce - ******** Providing login details*********
2021-04-29 10:22:56,019 [main] INFO nopComemrce - ******** started login*********
2021-04-29 10:23:11,540 [main] INFO nopComemrce - ********Adding new customer*********
2021-04-29 10:23:11,541 [main] INFO nopComemrce - ********Proving customer details*********
2021-04-29 10:23:19,533 [main] INFO nopComemrce - ********Saving customer data*********
2021-04-29 10:23:23,333 [main] INFO nopComemrce - ********closing browser********
2021-04-29 10:23:25,293 [main] INFO nopComemrce - ****Launching browser***
2021-04-29 10:23:25,296 [main] INFO nopComemrce - ******** Opening URL*********
2021-04-29 10:23:26,398 [main] INFO nopComemrce - ******** Providing login details*********
2021-04-29 10:23:26,668 [main] INFO nopComemrce - ******** started login*********
2021-04-29 10:23:39,089 [main] INFO nopComemrce - ********Searching customer by email id*********
2021-04-29 10:23:41,749 [main] INFO nopComemrce - ********closing browser********
2021-04-29 10:23:44,021 [main] INFO nopComemrce - ****Launching browser***
2021-04-29 10:23:44,024 [main] INFO nopComemrce - ******** Opening URL*********
2021-04-29 10:23:45,686 [main] INFO nopComemrce - ******** Providing login details*********
2021-04-29 10:23:46,096 [main] INFO nopComemrce - ******** started login*********
2021-04-29 10:23:58,143 [main] INFO nopComemrce - ********Searching customer by Name*********
2021-04-29 10:24:00,981 [main] INFO nopComemrce - ********closing browser********
2021-04-29 10:24:03,075 [main] INFO nopComemrce - ****Launching browser***
2021-04-29 10:24:03,078 [main] INFO nopComemrce - ******** Opening URL*********
2021-04-29 10:24:04,350 [main] INFO nopComemrce - ******** Providing login details*********
2021-04-29 10:24:04,618 [main] INFO nopComemrce - ******** started login*********
2021-04-29 10:24:10,312 [main] INFO nopComemrce - ******** Login failed*********
2021-04-29 10:24:13,328 [main] INFO nopComemrce - ******** Click on logout link*********
2021-04-29 10:24:17,346 [main] INFO nopComemrce - ******** Login failed*********
2021-04-29 10:24:20,363 [main] INFO nopComemrce - ********closing browser********
2021-04-29 10:34:24,203 [main] INFO nopComemrce - ****Launching browser***
2021-04-29 10:34:24,208 [main] INFO nopComemrce - ******** Opening URL*********
2021-04-29 10:34:25,683 [main] INFO nopComemrce - ******** Providing login details*********
2021-04-29 10:34:25,994 [main] INFO nopComemrce - ******** started login*********
2021-04-29 10:34:31,978 [main] INFO nopComemrce - ******** Login failed*********
2021-04-29 10:34:34,990 [main] INFO nopComemrce - ******** Click on logout link*********
2021-04-29 10:34:38,881 [main] INFO nopComemrce - ******** Login failed*********
2021-04-29 10:34:41,900 [main] INFO nopComemrce - ********closing browser********
